[35m@plasmo-corp/rps:build: [0mcache hit, replaying output [2m8d27f6aaa5dfc068[0m
[35m@plasmo-corp/rps:build: [0m
[35m@plasmo-corp/rps:build: [0m> @plasmo-corp/rps@1.2.6 build P:\Projects\plasmo-corp\p1am0\packages\rps
[35m@plasmo-corp/rps:build: [0m> tsup src/run-p.ts src/run-s.ts src/index.ts --dts-resolve --format esm --minify --clean
[35m@plasmo-corp/rps:build: [0m
[35m@plasmo-corp/rps:build: [0m[34mCLI[39m Building entry: src/run-p.ts, src/run-s.ts, src/index.ts
[35m@plasmo-corp/rps:build: [0m[34mCLI[39m Using tsconfig: tsconfig.json
[35m@plasmo-corp/rps:build: [0m[34mCLI[39m tsup v5.12.6
[35m@plasmo-corp/rps:build: [0m[34mCLI[39m Target: node12
[35m@plasmo-corp/rps:build: [0m[34mCLI[39m Cleaning output folder
[35m@plasmo-corp/rps:build: [0m[34mESM[39m Build start
[35m@plasmo-corp/rps:build: [0m[34mDTS[39m Build start
[35m@plasmo-corp/rps:build: [0m[32mESM[39m ⚡️ Build success in 2557ms
[35m@plasmo-corp/rps:build: [0m[32mESM[39m [1mdist\run-p.js          [22m[32m207.00 B[39m
[35m@plasmo-corp/rps:build: [0m[32mESM[39m [1mdist\index.js          [22m[32m159.00 B[39m
[35m@plasmo-corp/rps:build: [0m[32mESM[39m [1mdist\run-s.js          [22m[32m204.00 B[39m
[35m@plasmo-corp/rps:build: [0m[32mESM[39m [1mdist\chunk-HEWRRPDI.js [22m[32m5.87 KB[39m
[35m@plasmo-corp/rps:build: [0m[32mESM[39m [1mdist\chunk-MT33IUHK.js [22m[32m129.00 B[39m
[35m@plasmo-corp/rps:build: [0m[32mDTS[39m ⚡️ Build success in 9647ms
[35m@plasmo-corp/rps:build: [0m[32mDTS[39m [1mdist\run-p.d.ts [22m[32m20.00 B[39m
[35m@plasmo-corp/rps:build: [0m[32mDTS[39m [1mdist\run-s.d.ts [22m[32m20.00 B[39m
[35m@plasmo-corp/rps:build: [0m[32mDTS[39m [1mdist\index.d.ts [22m[32m2.28 KB[39m
